<?xml version="1.0" encoding="UTF-8"?>
<!-- Generated by org.testng.reporters.JUnitReportReporter -->
<testsuite skipped="0" hostname="LAPTOP-CLIP7DDS" name="AppiumProject.AppiumProject.Appiumtestng" tests="4" failures="0" timestamp="2021-01-02T16:38:18 IST" time="34.381" errors="0">
  <testcase name="Hellopage" time="20.179" classname="AppiumProject.AppiumProject.Appiumtestng"/>
  <system-out/>
  <testcase name="name" time="2.882" classname="AppiumProject.AppiumProject.Appiumtestng"/>
  <system-out/>
  <testcase name="email" time="2.681" classname="AppiumProject.AppiumProject.Appiumtestng"/>
  <system-out/>
  <testcase name="programminglanguage" time="8.639" classname="AppiumProject.AppiumProject.Appiumtestng"/>
  <system-out/>
</testsuite> <!-- AppiumProject.AppiumProject.Appiumtestng -->
