<?xml version="1.0" encoding="UTF-8"?>
<!-- Generated by org.testng.reporters.JUnitReportReporter -->
<testsuite skipped="0" hostname="LAPTOP-CLIP7DDS" name="AppiumProject.AppiumProject.Appiumtestng" tests="4" failures="0" timestamp="2021-04-17T22:04:47 IST" time="35.758" errors="0">
  <testcase name="email" time="3.211" classname="AppiumProject.AppiumProject.Appiumtestng"/>
  <system-out/>
  <testcase name="Hellopage" time="21.429" classname="AppiumProject.AppiumProject.Appiumtestng"/>
  <system-out/>
  <testcase name="programminglanguage" time="8.357" classname="AppiumProject.AppiumProject.Appiumtestng"/>
  <system-out/>
  <testcase name="name" time="2.761" classname="AppiumProject.AppiumProject.Appiumtestng"/>
  <system-out/>
</testsuite> <!-- AppiumProject.AppiumProject.Appiumtestng -->
